TN:
SF:src\db.ts
FN:13,initializeDb
FN:28,getDb
FN:42,setDb
FN:49,getSqliteConnection
FN:56,closeDb
FN:69,(anonymous_6)
FNF:6
FNH:3
FNDA:0,initializeDb
FNDA:15,getDb
FNDA:1,setDb
FNDA:0,getSqliteConnection
FNDA:0,closeDb
FNDA:14,(anonymous_6)
DA:1,1
DA:2,1
DA:6,1
DA:7,1
DA:13,1
DA:15,0
DA:16,0
DA:19,0
DA:20,0
DA:21,0
DA:22,0
DA:28,1
DA:29,15
DA:30,0
DA:31,0
DA:33,0
DA:35,15
DA:42,1
DA:43,1
DA:49,1
DA:50,0
DA:56,1
DA:57,0
DA:58,0
DA:59,0
DA:60,0
DA:68,1
DA:70,14
DA:71,14
DA:74,14
DA:75,14
DA:78,0
LF:32
LH:17
BRDA:15,0,0,0
BRDA:15,0,1,0
BRDA:15,1,0,0
BRDA:15,1,1,0
BRDA:19,2,0,0
BRDA:19,2,1,0
BRDA:29,3,0,0
BRDA:29,3,1,15
BRDA:30,4,0,0
BRDA:30,4,1,0
BRDA:57,5,0,0
BRDA:57,5,1,0
BRDA:74,6,0,14
BRDA:74,6,1,0
BRF:14
BRH:2
end_of_record
TN:
SF:src\env.ts
FNF:0
FNH:0
DA:1,1
DA:2,1
DA:4,1
DA:11,1
LF:4
LH:4
BRF:0
BRH:0
end_of_record
TN:
SF:src\schema.ts
FNF:0
FNH:0
DA:1,1
DA:2,1
DA:12,1
LF:3
LH:3
BRF:0
BRH:0
end_of_record
TN:
SF:src\config\constants.ts
FNF:0
FNH:0
DA:1,1
DA:2,1
DA:3,1
DA:4,1
DA:5,1
DA:7,1
DA:15,1
DA:27,1
DA:37,1
LF:9
LH:9
BRF:0
BRH:0
end_of_record
TN:
SF:src\core\utils\responseFormatter.ts
FN:10,(anonymous_0)
FN:17,(anonymous_1)
FN:30,(anonymous_2)
FN:44,(anonymous_3)
FNF:4
FNH:4
FNDA:1,(anonymous_0)
FNDA:1,(anonymous_1)
FNDA:4,(anonymous_2)
FNDA:1,(anonymous_3)
DA:9,1
DA:10,1
DA:11,1
DA:12,1
DA:13,1
DA:14,1
DA:18,1
DA:30,1
DA:31,4
DA:44,1
DA:48,1
DA:56,1
DA:58,0
DA:59,0
DA:62,1
LF:15
LH:13
BRDA:30,0,0,2
BRDA:46,1,0,1
BRDA:56,2,0,0
BRDA:56,2,1,1
BRF:4
BRH:3
end_of_record
TN:
SF:src\feat\auth\auth.route.ts
FNF:0
FNH:0
DA:1,1
DA:2,1
DA:3,1
DA:4,1
DA:6,1
DA:8,1
DA:9,1
DA:10,1
DA:13,1
DA:16,1
DA:19,1
DA:22,1
LF:12
LH:12
BRF:0
BRH:0
end_of_record
TN:
SF:src\feat\auth\auth.service.ts
FN:7,(anonymous_0)
FN:20,(anonymous_1)
FN:29,(anonymous_2)
FN:37,(anonymous_3)
FN:47,(anonymous_4)
FNF:5
FNH:2
FNDA:3,(anonymous_0)
FNDA:2,(anonymous_1)
FNDA:0,(anonymous_2)
FNDA:0,(anonymous_3)
FNDA:0,(anonymous_4)
DA:1,1
DA:4,1
DA:8,3
DA:21,2
DA:30,0
DA:38,0
DA:39,0
DA:48,0
LF:8
LH:4
BRDA:38,0,0,0
BRDA:38,0,1,0
BRF:2
BRH:0
end_of_record
TN:
SF:src\feat\auth\common\auth.error.ts
FNF:0
FNH:0
DA:1,1
DA:4,1
LF:2
LH:2
BRF:0
BRH:0
end_of_record
TN:
SF:src\feat\auth\common\auth.middleware.ts
FN:21,(anonymous_1)
FNF:1
FNH:1
FNDA:3,(anonymous_1)
DA:2,1
DA:3,1
DA:4,1
DA:5,1
DA:21,1
DA:23,3
DA:25,3
DA:26,0
DA:30,3
DA:32,3
DA:34,3
DA:37,3
DA:41,3
DA:43,0
LF:14
LH:12
BRDA:25,0,0,0
BRDA:25,0,1,3
BRDA:25,1,0,3
BRDA:25,1,1,3
BRDA:34,2,0,3
BRDA:34,2,1,0
BRF:6
BRH:4
end_of_record
TN:
SF:src\feat\auth\common\auth.schema.ts
FN:7,(anonymous_0)
FNF:1
FNH:0
FNDA:0,(anonymous_0)
DA:1,1
DA:3,1
DA:7,0
LF:3
LH:2
BRF:0
BRH:0
end_of_record
TN:
SF:src\feat\auth\common\auth.validation.ts
FNF:0
FNH:0
DA:1,1
DA:4,1
DA:7,1
DA:14,1
DA:20,1
DA:32,1
DA:35,1
LF:7
LH:7
BRF:0
BRH:0
end_of_record
TN:
SF:src\feat\auth\login\login.controller.ts
FN:21,(anonymous_0)
FN:35,(anonymous_1)
FN:28,(anonymous_2)
FNF:3
FNH:1
FNDA:1,(anonymous_0)
FNDA:0,(anonymous_1)
FNDA:0,(anonymous_2)
DA:2,1
DA:3,1
DA:4,1
DA:5,1
DA:6,1
DA:9,1
DA:11,1
DA:13,1
DA:22,1
DA:29,0
DA:35,1
DA:36,0
DA:38,0
DA:39,0
DA:40,0
DA:45,0
DA:48,0
DA:51,0
DA:52,0
DA:56,0
DA:61,0
LF:21
LH:10
BRDA:39,0,0,0
BRDA:39,0,1,0
BRDA:51,1,0,0
BRDA:51,1,1,0
BRF:4
BRH:0
end_of_record
TN:
SF:src\feat\auth\login\login.service.ts
FN:18,(anonymous_1)
FN:28,(anonymous_2)
FNF:2
FNH:1
FNDA:1,(anonymous_1)
FNDA:0,(anonymous_2)
DA:1,1
DA:2,1
DA:3,1
DA:4,1
DA:5,1
DA:6,1
DA:7,1
DA:15,1
DA:19,1
DA:30,0
DA:31,0
DA:32,0
DA:36,0
DA:37,0
DA:38,0
DA:42,0
DA:43,0
LF:17
LH:9
BRDA:31,0,0,0
BRDA:31,0,1,0
BRDA:37,1,0,0
BRDA:37,1,1,0
BRF:4
BRH:0
end_of_record
TN:
SF:src\feat\auth\signup\signup.controller.ts
FN:21,(anonymous_0)
FN:35,(anonymous_1)
FN:28,(anonymous_2)
FNF:3
FNH:3
FNDA:1,(anonymous_0)
FNDA:2,(anonymous_1)
FNDA:2,(anonymous_2)
DA:2,1
DA:3,1
DA:4,1
DA:5,1
DA:6,1
DA:9,1
DA:11,1
DA:13,1
DA:22,1
DA:29,2
DA:35,1
DA:36,2
DA:38,2
DA:39,2
DA:40,0
DA:45,2
DA:48,2
DA:51,2
DA:52,2
DA:56,2
DA:61,0
LF:21
LH:19
BRDA:39,0,0,0
BRDA:39,0,1,2
BRDA:51,1,0,2
BRDA:51,1,1,0
BRF:4
BRH:2
end_of_record
TN:
SF:src\feat\auth\signup\signup.service.ts
FN:19,(anonymous_1)
FN:29,(anonymous_2)
FNF:2
FNH:2
FNDA:1,(anonymous_1)
FNDA:2,(anonymous_2)
DA:1,1
DA:2,1
DA:3,1
DA:4,1
DA:5,1
DA:6,1
DA:7,1
DA:15,1
DA:16,1
DA:20,1
DA:31,2
DA:32,2
DA:33,0
DA:37,2
DA:40,2
DA:49,2
DA:50,2
LF:17
LH:16
BRDA:32,0,0,0
BRDA:32,0,1,2
BRF:2
BRH:1
end_of_record
TN:
SF:src\feat\auth\token\refresh-token.schema.ts
FN:8,(anonymous_0)
FNF:1
FNH:0
FNDA:0,(anonymous_0)
DA:1,1
DA:3,1
DA:8,0
LF:3
LH:2
BRF:0
BRH:0
end_of_record
TN:
SF:src\feat\auth\token\refresh-token.service.ts
FN:14,(anonymous_1)
FN:23,(anonymous_2)
FN:47,(anonymous_3)
FN:78,(anonymous_4)
FN:97,(anonymous_5)
FN:107,(anonymous_6)
FNF:6
FNH:2
FNDA:2,(anonymous_1)
FNDA:2,(anonymous_2)
FNDA:0,(anonymous_3)
FNDA:0,(anonymous_4)
FNDA:0,(anonymous_5)
FNDA:0,(anonymous_6)
DA:1,1
DA:2,1
DA:3,1
DA:4,1
DA:7,1
DA:9,1
DA:15,2
DA:25,2
DA:28,2
DA:31,2
DA:39,2
DA:49,0
DA:58,0
DA:59,0
DA:63,0
DA:64,0
DA:66,0
DA:67,0
DA:70,0
DA:80,0
DA:82,0
DA:83,0
DA:87,0
DA:90,0
DA:98,0
DA:108,0
LF:26
LH:11
BRDA:58,0,0,0
BRDA:58,0,1,0
BRDA:64,1,0,0
BRDA:64,1,1,0
BRDA:82,2,0,0
BRDA:82,2,1,0
BRF:6
BRH:0
end_of_record
TN:
SF:src\feat\auth\token\token.controller.ts
FN:21,(anonymous_0)
FN:47,(anonymous_1)
FN:79,(anonymous_2)
FN:28,(anonymous_3)
FN:35,(anonymous_4)
FNF:5
FNH:1
FNDA:1,(anonymous_0)
FNDA:0,(anonymous_1)
FNDA:0,(anonymous_2)
FNDA:0,(anonymous_3)
FNDA:0,(anonymous_4)
DA:2,1
DA:3,1
DA:4,1
DA:5,1
DA:9,1
DA:11,1
DA:13,1
DA:22,1
DA:29,0
DA:36,0
DA:47,1
DA:48,0
DA:51,0
DA:53,0
DA:54,0
DA:59,0
DA:62,0
DA:63,0
DA:67,0
DA:72,0
DA:79,1
DA:80,0
DA:82,0
DA:85,0
DA:86,0
DA:90,0
DA:93,0
DA:95,0
LF:28
LH:10
BRDA:53,0,0,0
BRDA:53,0,1,0
BRDA:62,1,0,0
BRDA:62,1,1,0
BRDA:85,2,0,0
BRDA:85,2,1,0
BRF:6
BRH:0
end_of_record
TN:
SF:src\feat\auth\token\token.service.ts
FN:14,(anonymous_1)
FN:23,(anonymous_2)
FN:45,(anonymous_3)
FN:64,(anonymous_4)
FN:93,(anonymous_5)
FN:101,(anonymous_6)
FNF:6
FNH:3
FNDA:4,(anonymous_1)
FNDA:2,(anonymous_2)
FNDA:2,(anonymous_3)
FNDA:0,(anonymous_4)
FNDA:0,(anonymous_5)
FNDA:0,(anonymous_6)
DA:1,1
DA:2,1
DA:3,1
DA:5,1
DA:6,1
DA:9,1
DA:11,1
DA:15,4
DA:24,2
DA:28,2
DA:34,2
DA:47,2
DA:50,2
DA:52,2
DA:66,0
DA:68,0
DA:69,0
DA:73,0
DA:76,0
DA:78,0
DA:79,0
DA:82,0
DA:94,0
DA:102,0
LF:24
LH:14
BRDA:30,0,0,2
BRDA:30,0,1,0
BRDA:68,1,0,0
BRDA:68,1,1,0
BRDA:78,2,0,0
BRDA:78,2,1,0
BRF:6
BRH:1
end_of_record
TN:
SF:src\feat\auth\user\user.controller.ts
FN:13,(anonymous_0)
FN:21,(anonymous_1)
FN:44,(anonymous_2)
FNF:3
FNH:1
FNDA:1,(anonymous_0)
FNDA:0,(anonymous_1)
FNDA:0,(anonymous_2)
DA:2,1
DA:3,1
DA:4,1
DA:5,1
DA:6,1
DA:7,1
DA:9,1
DA:14,1
DA:15,1
DA:21,1
DA:22,0
DA:24,0
DA:26,0
DA:27,0
DA:31,0
DA:34,0
DA:36,0
DA:44,1
DA:45,0
DA:47,0
DA:49,0
DA:50,0
DA:54,0
DA:55,0
DA:56,0
DA:61,0
DA:64,0
DA:68,0
DA:71,0
DA:73,0
LF:30
LH:11
BRDA:24,0,0,0
BRDA:24,0,1,0
BRDA:24,1,0,0
BRDA:24,1,1,0
BRDA:26,2,0,0
BRDA:26,2,1,0
BRDA:47,3,0,0
BRDA:47,3,1,0
BRDA:47,4,0,0
BRDA:47,4,1,0
BRDA:49,5,0,0
BRDA:49,5,1,0
BRDA:55,6,0,0
BRDA:55,6,1,0
BRF:14
BRH:0
end_of_record
TN:
SF:src\feat\auth\user\user.route.ts
FNF:0
FNH:0
DA:1,1
DA:2,1
DA:3,1
DA:5,1
DA:7,1
DA:10,1
DA:11,1
LF:7
LH:7
BRF:0
BRH:0
end_of_record
TN:
SF:src\feat\auth\user\user.service.ts
FN:8,(anonymous_1)
FN:16,(anonymous_2)
FN:38,(anonymous_3)
FNF:3
FNH:1
FNDA:1,(anonymous_1)
FNDA:0,(anonymous_2)
FNDA:0,(anonymous_3)
DA:1,1
DA:2,1
DA:3,1
DA:4,1
DA:5,1
DA:6,1
DA:8,1
DA:9,1
DA:17,0
DA:25,0
DA:26,0
DA:29,0
DA:40,0
DA:44,0
DA:45,0
DA:49,0
DA:50,0
DA:51,0
DA:55,0
DA:58,0
LF:20
LH:8
BRDA:25,0,0,0
BRDA:25,0,1,0
BRDA:44,1,0,0
BRDA:44,1,1,0
BRDA:50,2,0,0
BRDA:50,2,1,0
BRF:6
BRH:0
end_of_record
TN:
SF:src\feat\chat\chat.controller.ts
FN:11,(anonymous_0)
FN:16,(anonymous_1)
FN:41,(anonymous_2)
FN:53,(anonymous_3)
FN:63,(anonymous_4)
FN:73,(anonymous_5)
FNF:6
FNH:2
FNDA:1,(anonymous_0)
FNDA:3,(anonymous_1)
FNDA:0,(anonymous_2)
FNDA:0,(anonymous_3)
FNDA:0,(anonymous_4)
FNDA:0,(anonymous_5)
DA:2,1
DA:3,1
DA:4,1
DA:6,1
DA:8,1
DA:12,1
DA:16,1
DA:17,3
DA:18,3
DA:19,3
DA:20,0
DA:22,3
DA:23,3
DA:28,2
DA:37,1
DA:41,1
DA:42,0
DA:43,0
DA:44,0
DA:45,0
DA:47,0
DA:49,0
DA:53,0
DA:59,0
DA:63,1
DA:64,0
DA:65,0
DA:66,0
DA:67,0
DA:69,0
DA:73,1
DA:74,0
DA:75,0
DA:76,0
DA:78,0
DA:79,0
DA:82,0
DA:83,0
DA:84,0
DA:86,0
DA:89,0
LF:41
LH:17
BRDA:19,0,0,0
BRDA:19,0,1,3
BRDA:24,1,0,3
BRDA:24,1,1,0
BRDA:24,2,0,0
BRDA:24,2,1,3
BRDA:24,3,0,3
BRDA:24,3,1,3
BRDA:44,4,0,0
BRDA:44,4,1,0
BRDA:51,5,0,0
BRDA:51,5,1,0
BRDA:51,6,0,0
BRDA:51,6,1,0
BRDA:52,7,0,0
BRDA:52,7,1,0
BRDA:52,8,0,0
BRDA:52,8,1,0
BRDA:53,9,0,0
BRDA:53,9,1,0
BRDA:53,10,0,0
BRDA:53,10,1,0
BRDA:53,11,0,0
BRDA:53,11,1,0
BRDA:53,12,0,0
BRDA:53,12,1,0
BRDA:65,13,0,0
BRDA:65,13,1,0
BRDA:65,14,0,0
BRDA:65,14,1,0
BRDA:65,15,0,0
BRDA:65,15,1,0
BRDA:76,16,0,0
BRDA:76,16,1,0
BRDA:76,17,0,0
BRDA:76,17,1,0
BRDA:76,18,0,0
BRDA:76,18,1,0
BRDA:78,19,0,0
BRDA:78,19,1,0
BRDA:83,20,0,0
BRDA:83,20,1,0
BRF:42
BRH:5
end_of_record
TN:
SF:src\feat\chat\chat.error.ts
FNF:0
FNH:0
DA:1,1
DA:3,1
LF:2
LH:2
BRF:0
BRH:0
end_of_record
TN:
SF:src\feat\chat\chat.repository.ts
FN:6,(anonymous_0)
FN:11,(anonymous_1)
FN:19,(anonymous_2)
FN:30,(anonymous_3)
FN:39,(anonymous_4)
FN:47,(anonymous_5)
FN:52,(anonymous_6)
FN:70,(anonymous_7)
FNF:8
FNH:3
FNDA:0,(anonymous_0)
FNDA:0,(anonymous_1)
FNDA:0,(anonymous_2)
FNDA:0,(anonymous_3)
FNDA:2,(anonymous_4)
FNDA:2,(anonymous_5)
FNDA:2,(anonymous_6)
FNDA:0,(anonymous_7)
DA:1,1
DA:2,1
DA:3,1
DA:4,1
DA:6,1
DA:7,0
DA:8,0
DA:11,1
DA:12,0
DA:19,0
DA:20,0
DA:21,0
DA:26,0
DA:30,1
DA:31,0
DA:33,0
DA:34,0
DA:36,0
DA:39,1
DA:40,2
DA:47,1
DA:48,2
DA:49,2
DA:52,1
DA:54,2
DA:55,2
DA:56,0
DA:61,2
DA:70,1
DA:72,0
DA:78,0
DA:83,0
DA:84,0
DA:86,0
LF:34
LH:17
BRDA:33,0,0,0
BRDA:33,0,1,0
BRDA:55,1,0,0
BRDA:55,1,1,2
BRF:4
BRH:1
end_of_record
TN:
SF:src\feat\chat\chat.route.ts
FNF:0
FNH:0
DA:1,1
DA:2,1
DA:3,1
DA:5,1
DA:7,1
DA:9,1
DA:11,1
DA:13,1
DA:15,1
LF:9
LH:9
BRF:0
BRH:0
end_of_record
TN:
SF:src\feat\chat\chat.service.ts
FN:6,(anonymous_0)
FN:7,(anonymous_1)
FN:61,(anonymous_2)
FN:70,(anonymous_3)
FN:75,(anonymous_4)
FNF:5
FNH:2
FNDA:1,(anonymous_0)
FNDA:3,(anonymous_1)
FNDA:0,(anonymous_2)
FNDA:0,(anonymous_3)
FNDA:0,(anonymous_4)
DA:1,1
DA:2,1
DA:4,1
DA:6,1
DA:7,1
DA:8,3
DA:9,2
DA:13,3
DA:14,3
DA:15,3
DA:22,3
DA:23,3
DA:24,1
DA:25,1
DA:27,2
DA:30,0
DA:34,3
DA:48,2
DA:49,2
DA:50,2
DA:54,2
DA:61,1
DA:62,0
DA:67,0
DA:70,1
DA:71,0
DA:72,0
DA:75,1
DA:76,0
LF:29
LH:23
BRDA:8,0,0,2
BRDA:8,0,1,1
BRDA:22,1,0,2
BRDA:22,1,1,1
BRDA:22,2,0,3
BRDA:22,2,1,3
BRDA:23,3,0,1
BRDA:23,3,1,2
BRDA:23,4,0,2
BRDA:23,4,1,1
BRDA:23,5,0,3
BRDA:23,5,1,3
BRDA:23,6,0,2
BRDA:23,6,1,1
BRDA:23,7,0,3
BRDA:23,7,1,3
BRDA:49,8,0,2
BRDA:49,8,1,0
BRDA:67,9,0,0
BRDA:67,9,1,0
BRDA:67,10,0,0
BRDA:67,10,1,0
BRF:22
BRH:17
end_of_record
TN:
SF:src\feat\chat\chat.validation.ts
FNF:0
FNH:0
DA:1,1
DA:3,1
LF:2
LH:2
BRF:0
BRH:0
end_of_record
TN:
SF:src\feat\chat\graphState.ts
FN:34,(anonymous_1)
FN:35,(anonymous_2)
FN:38,(anonymous_3)
FN:39,(anonymous_4)
FN:45,(anonymous_5)
FN:46,(anonymous_6)
FNF:6
FNH:6
FNDA:11,(anonymous_1)
FNDA:7,(anonymous_2)
FNDA:6,(anonymous_3)
FNDA:7,(anonymous_4)
FNDA:6,(anonymous_5)
FNDA:7,(anonymous_6)
DA:1,1
DA:2,1
DA:5,1
DA:12,1
DA:34,11
DA:35,7
DA:38,6
DA:39,7
DA:45,6
DA:46,7
LF:10
LH:10
BRDA:34,0,0,5
BRDA:34,0,1,6
BRDA:34,1,0,11
BRDA:34,1,1,5
BRDA:38,2,0,6
BRDA:38,2,1,0
BRDA:38,3,0,6
BRDA:38,3,1,6
BRDA:45,4,0,2
BRDA:45,4,1,4
BRDA:45,5,0,6
BRDA:45,5,1,2
BRF:12
BRH:11
end_of_record
TN:
SF:src\feat\chat\uiGeneratorGraph.ts
FN:45,(anonymous_0)
FN:123,(anonymous_1)
FN:160,(anonymous_2)
FN:252,(anonymous_3)
FN:311,(anonymous_4)
FN:393,(anonymous_5)
FN:519,(anonymous_6)
FN:640,(anonymous_7)
FN:667,(anonymous_8)
FN:700,(anonymous_9)
FNF:10
FNH:10
FNDA:4,(anonymous_0)
FNDA:2,(anonymous_1)
FNDA:3,(anonymous_2)
FNDA:2,(anonymous_3)
FNDA:2,(anonymous_4)
FNDA:2,(anonymous_5)
FNDA:2,(anonymous_6)
FNDA:2,(anonymous_7)
FNDA:2,(anonymous_8)
FNDA:3,(anonymous_9)
DA:25,1
DA:26,1
DA:27,1
DA:28,1
DA:29,1
DA:30,1
DA:31,1
DA:32,1
DA:39,1
DA:45,1
DA:51,4
DA:52,4
DA:53,2
DA:55,2
DA:59,2
DA:60,2
DA:61,2
DA:63,2
DA:64,1
DA:66,1
DA:70,0
DA:80,1
DA:95,1
DA:102,1
DA:109,1
DA:116,1
DA:123,1
DA:124,2
DA:126,2
DA:127,0
DA:128,0
DA:131,2
DA:132,2
DA:135,2
DA:138,2
DA:139,0
DA:140,0
DA:141,0
DA:145,2
DA:160,1
DA:161,3
DA:163,3
DA:164,3
DA:167,3
DA:168,2
DA:169,2
DA:177,1
DA:187,1
DA:227,1
DA:228,1
DA:229,1
DA:230,1
DA:233,1
DA:252,1
DA:253,2
DA:254,2
DA:257,2
DA:292,1
DA:293,1
DA:295,1
DA:311,1
DA:312,2
DA:314,2
DA:315,1
DA:317,1
DA:320,2
DA:321,2
DA:322,0
DA:323,0
DA:332,2
DA:336,2
DA:386,2
DA:394,2
DA:399,2
DA:406,2
DA:484,2
DA:495,2
DA:497,2
DA:519,1
DA:520,2
DA:521,2
DA:524,2
DA:525,0
DA:526,0
DA:536,2
DA:542,2
DA:566,2
DA:612,2
DA:614,2
DA:615,2
DA:616,0
DA:619,2
DA:622,2
DA:640,1
DA:641,2
DA:642,2
DA:645,2
DA:646,2
DA:650,0
DA:651,0
DA:655,0
DA:667,1
DA:669,2
DA:688,1
DA:701,3
DA:702,2
DA:704,1
DA:726,1
LF:108
LH:94
BRDA:52,0,0,2
BRDA:52,0,1,2
BRDA:59,1,0,2
BRDA:59,1,1,0
BRDA:59,2,0,2
BRDA:59,2,1,0
BRDA:59,3,0,0
BRDA:59,3,1,2
BRDA:59,4,0,2
BRDA:59,4,1,2
BRDA:59,5,0,0
BRDA:59,5,1,0
BRDA:59,6,0,0
BRDA:59,6,1,0
BRDA:59,7,0,0
BRDA:59,7,1,0
BRDA:59,8,0,0
BRDA:59,8,1,0
BRDA:63,9,0,1
BRDA:63,9,1,1
BRDA:126,10,0,0
BRDA:126,10,1,2
BRDA:138,11,0,0
BRDA:138,11,1,2
BRDA:140,12,0,0
BRDA:140,12,1,0
BRDA:167,13,0,2
BRDA:167,13,1,1
BRDA:229,14,0,1
BRDA:229,14,1,0
BRDA:229,15,0,1
BRDA:229,15,1,1
BRDA:236,16,0,1
BRDA:236,16,1,0
BRDA:274,17,0,2
BRDA:274,17,1,0
BRDA:274,18,0,2
BRDA:274,18,1,2
BRDA:314,19,0,1
BRDA:314,19,1,1
BRDA:321,20,0,0
BRDA:321,20,1,2
BRDA:321,21,0,2
BRDA:321,21,1,1
BRDA:332,22,0,2
BRDA:332,22,1,0
BRDA:333,23,0,0
BRDA:333,23,1,0
BRDA:336,24,0,1
BRDA:336,24,1,1
BRDA:350,25,0,1
BRDA:350,25,1,0
BRDA:350,26,0,0
BRDA:350,26,1,1
BRDA:350,27,0,1
BRDA:350,27,1,1
BRDA:391,28,0,1
BRDA:391,28,1,1
BRDA:408,29,0,1
BRDA:408,29,1,1
BRDA:410,30,0,1
BRDA:410,30,1,1
BRDA:412,31,0,1
BRDA:412,31,1,1
BRDA:457,32,0,1
BRDA:457,32,1,1
BRDA:524,33,0,0
BRDA:524,33,1,2
BRDA:524,34,0,2
BRDA:524,34,1,1
BRDA:530,35,0,0
BRDA:530,35,1,0
BRDA:530,36,0,0
BRDA:530,36,1,0
BRDA:530,37,0,0
BRDA:530,37,1,0
BRDA:615,38,0,0
BRDA:615,38,1,2
BRDA:623,39,0,2
BRDA:623,39,1,1
BRDA:623,40,0,1
BRDA:623,40,1,1
BRDA:623,41,0,2
BRDA:623,41,1,2
BRDA:624,42,0,2
BRDA:624,42,1,1
BRDA:645,43,0,2
BRDA:645,43,1,0
BRDA:645,44,0,2
BRDA:645,44,1,2
BRDA:645,45,0,0
BRDA:645,45,1,2
BRDA:645,46,0,2
BRDA:645,46,1,2
BRDA:645,47,0,2
BRDA:645,47,1,0
BRDA:645,48,0,0
BRDA:645,48,1,2
BRDA:645,49,0,2
BRDA:645,49,1,2
BRDA:650,50,0,0
BRDA:650,50,1,0
BRDA:650,51,0,0
BRDA:650,51,1,0
BRDA:701,52,0,2
BRDA:701,52,1,1
BRF:106
BRH:66
end_of_record
TN:
SF:src\feat\chat\utils\parseDynamicKeyValueFormat.ts
FN:8,(anonymous_0)
FNF:1
FNH:1
FNDA:4,(anonymous_0)
DA:8,1
DA:9,4
DA:11,4
DA:14,12
DA:15,12
DA:18,12
DA:19,12
DA:23,4
LF:8
LH:8
BRDA:18,0,0,12
BRDA:18,0,1,0
BRDA:18,1,0,12
BRDA:18,1,1,12
BRF:4
BRH:3
end_of_record
TN:
SF:src\feat\library\library.controller.ts
FN:13,(anonymous_0)
FN:39,(anonymous_1)
FN:58,(anonymous_2)
FN:77,(anonymous_3)
FNF:4
FNH:0
FNDA:0,(anonymous_0)
FNDA:0,(anonymous_1)
FNDA:0,(anonymous_2)
FNDA:0,(anonymous_3)
DA:2,1
DA:3,1
DA:4,1
DA:5,1
DA:6,1
DA:13,1
DA:14,0
DA:15,0
DA:17,0
DA:18,0
DA:23,0
DA:25,0
DA:26,0
DA:28,0
DA:30,0
DA:39,1
DA:40,0
DA:41,0
DA:43,0
DA:44,0
DA:49,0
DA:50,0
DA:52,0
DA:54,0
DA:58,1
DA:59,0
DA:60,0
DA:62,0
DA:63,0
DA:68,0
DA:69,0
DA:71,0
DA:73,0
DA:77,1
DA:78,0
DA:79,0
DA:81,0
DA:82,0
DA:87,0
DA:88,0
DA:90,0
DA:92,0
LF:42
LH:9
BRDA:17,0,0,0
BRDA:17,0,1,0
BRDA:25,1,0,0
BRDA:25,1,1,0
BRDA:43,2,0,0
BRDA:43,2,1,0
BRDA:60,3,0,0
BRDA:60,3,1,0
BRDA:60,4,0,0
BRDA:60,4,1,0
BRDA:60,5,0,0
BRDA:60,5,1,0
BRDA:62,6,0,0
BRDA:62,6,1,0
BRDA:79,7,0,0
BRDA:79,7,1,0
BRDA:79,8,0,0
BRDA:79,8,1,0
BRDA:79,9,0,0
BRDA:79,9,1,0
BRDA:81,10,0,0
BRDA:81,10,1,0
BRF:22
BRH:0
end_of_record
TN:
SF:src\feat\library\library.error.ts
FNF:0
FNH:0
DA:1,1
DA:3,1
LF:2
LH:2
BRF:0
BRH:0
end_of_record
TN:
SF:src\feat\library\library.route.ts
FNF:0
FNH:0
DA:1,1
DA:2,1
DA:3,1
DA:5,1
DA:8,1
DA:11,1
DA:14,1
DA:16,1
DA:18,1
LF:9
LH:9
BRF:0
BRH:0
end_of_record
TN:
SF:src\feat\library\library.service.ts
FN:16,(anonymous_0)
FN:25,(anonymous_1)
FN:33,(anonymous_2)
FN:41,(anonymous_3)
FN:65,(anonymous_4)
FN:70,(anonymous_5)
FNF:6
FNH:0
FNDA:0,(anonymous_0)
FNDA:0,(anonymous_1)
FNDA:0,(anonymous_2)
FNDA:0,(anonymous_3)
FNDA:0,(anonymous_4)
FNDA:0,(anonymous_5)
DA:1,1
DA:2,1
DA:3,1
DA:4,1
DA:5,1
DA:6,1
DA:7,1
DA:8,1
DA:16,1
DA:17,0
DA:25,1
DA:26,0
DA:27,0
DA:30,0
DA:32,0
DA:33,0
DA:34,0
DA:37,0
DA:41,0
DA:56,0
DA:57,0
DA:58,0
DA:60,0
DA:61,0
DA:65,1
DA:66,0
DA:67,0
DA:70,1
DA:71,0
DA:72,0
LF:30
LH:12
BRDA:16,0,0,0
BRDA:16,1,0,0
BRDA:26,2,0,0
BRDA:26,2,1,0
BRDA:26,3,0,0
BRDA:26,3,1,0
BRDA:32,4,0,0
BRDA:32,4,1,0
BRDA:33,5,0,0
BRDA:33,5,1,0
BRDA:33,6,0,0
BRDA:33,6,1,0
BRDA:41,7,0,0
BRDA:41,7,1,0
BRDA:41,8,0,0
BRDA:41,8,1,0
BRF:16
BRH:0
end_of_record
TN:
SF:src\feat\library\library.validation.ts
FN:7,(anonymous_0)
FN:18,(anonymous_1)
FN:22,(anonymous_2)
FN:36,(anonymous_3)
FN:41,(anonymous_4)
FN:46,(anonymous_5)
FN:51,(anonymous_6)
FN:52,(anonymous_7)
FN:54,(anonymous_8)
FNF:9
FNH:0
FNDA:0,(anonymous_0)
FNDA:0,(anonymous_1)
FNDA:0,(anonymous_2)
FNDA:0,(anonymous_3)
FNDA:0,(anonymous_4)
FNDA:0,(anonymous_5)
FNDA:0,(anonymous_6)
FNDA:0,(anonymous_7)
FNDA:0,(anonymous_8)
DA:1,1
DA:2,1
DA:5,1
DA:7,0
DA:11,1
DA:18,1
DA:19,0
DA:22,1
DA:29,0
DA:30,0
DA:36,0
DA:41,0
DA:43,0
DA:44,0
DA:46,0
DA:50,0
DA:51,0
DA:52,0
DA:54,0
DA:57,0
DA:63,1
DA:67,1
LF:22
LH:8
BRDA:29,0,0,0
BRDA:29,0,1,0
BRDA:43,1,0,0
BRDA:43,1,1,0
BRDA:54,2,0,0
BRDA:54,2,1,0
BRDA:54,3,0,0
BRDA:54,3,1,0
BRDA:54,4,0,0
BRDA:54,4,1,0
BRF:10
BRH:0
end_of_record
TN:
SF:src\feat\vectorStore\vectorStore.service.ts
FN:6,(anonymous_1)
FN:34,(anonymous_2)
FN:41,(anonymous_3)
FN:47,(anonymous_4)
FN:48,(anonymous_5)
FN:61,(anonymous_6)
FN:65,(anonymous_7)
FN:69,(anonymous_8)
FN:76,(anonymous_9)
FN:85,(anonymous_10)
FNF:10
FNH:4
FNDA:1,(anonymous_1)
FNDA:1,(anonymous_2)
FNDA:1,(anonymous_3)
FNDA:0,(anonymous_4)
FNDA:0,(anonymous_5)
FNDA:0,(anonymous_6)
FNDA:2,(anonymous_7)
FNDA:0,(anonymous_8)
FNDA:0,(anonymous_9)
FNDA:0,(anonymous_10)
DA:1,1
DA:3,1
DA:5,1
DA:6,1
DA:8,1
DA:15,1
DA:18,1
DA:24,1
DA:28,1
DA:29,1
DA:35,1
DA:36,1
DA:37,1
DA:38,1
DA:41,1
DA:42,1
DA:47,1
DA:48,0
DA:49,0
DA:50,0
DA:51,0
DA:53,0
DA:58,0
DA:61,1
DA:62,0
DA:65,1
DA:66,2
DA:69,1
DA:71,0
DA:72,0
DA:75,0
DA:76,0
DA:78,0
DA:79,0
DA:81,0
DA:85,1
DA:87,0
DA:89,0
DA:91,0
DA:93,0
DA:100,0
DA:103,0
DA:111,0
DA:112,0
DA:118,0
DA:123,0
DA:127,0
DA:129,0
DA:140,0
DA:141,0
LF:50
LH:22
BRDA:50,0,0,0
BRDA:50,0,1,0
BRDA:78,1,0,0
BRDA:78,1,1,0
BRDA:91,2,0,0
BRDA:91,2,1,0
BRDA:127,3,0,0
BRDA:127,3,1,0
BRF:8
BRH:0
end_of_record
TN:
SF:src\shared\repository\components.repository.ts
FN:6,(anonymous_0)
FN:10,(anonymous_1)
FNF:2
FNH:0
FNDA:0,(anonymous_0)
FNDA:0,(anonymous_1)
DA:1,1
DA:2,1
DA:3,1
DA:6,1
DA:7,0
DA:10,1
DA:11,0
LF:7
LH:5
BRF:0
BRH:0
end_of_record
