TN:
SF:src\env.ts
FNF:0
FNH:0
DA:1,1
DA:2,1
DA:4,1
DA:9,1
LF:4
LH:4
BRF:0
BRH:0
end_of_record
TN:
SF:src\feat\vectorStore\vectorStore.service.ts
FN:6,(anonymous_1)
FN:34,(anonymous_2)
FN:41,(anonymous_3)
FN:47,(anonymous_4)
FN:48,(anonymous_5)
FN:61,(anonymous_6)
FN:65,(anonymous_7)
FN:69,(anonymous_8)
FN:76,(anonymous_9)
FNF:9
FNH:8
FNDA:5,(anonymous_1)
FNDA:5,(anonymous_2)
FNDA:5,(anonymous_3)
FNDA:4,(anonymous_4)
FNDA:7,(anonymous_5)
FNDA:1,(anonymous_6)
FNDA:2,(anonymous_7)
FNDA:6,(anonymous_8)
FNDA:0,(anonymous_9)
DA:1,1
DA:3,1
DA:5,1
DA:6,1
DA:8,5
DA:15,5
DA:18,5
DA:24,5
DA:28,1
DA:29,1
DA:35,5
DA:36,5
DA:37,5
DA:38,5
DA:41,5
DA:42,5
DA:47,5
DA:48,4
DA:49,7
DA:50,7
DA:51,1
DA:53,6
DA:58,3
DA:61,5
DA:62,1
DA:65,5
DA:66,2
DA:69,5
DA:71,6
DA:72,0
DA:75,0
DA:76,0
DA:78,0
DA:79,0
DA:81,0
LF:35
LH:29
BRDA:50,0,0,1
BRDA:50,0,1,6
BRDA:78,1,0,0
BRDA:78,1,1,0
BRF:4
BRH:2
end_of_record
